[INFO] Scanning for projects...
[INFO]                                                                         
[INFO] ------------------------------------------------------------------------
[INFO] Building SEQ 0.0.1-SNAPSHOT
[INFO] ------------------------------------------------------------------------
[INFO] 
[INFO] >>> spring-boot-maven-plugin:1.5.2.RELEASE:run (default-cli) > test-compile @ SEQ >>>
Downloading: https://repo.maven.apache.org/maven2/com/vaadin/external/google/android-json/maven-metadata.xml
390/390 B               Downloaded: https://repo.maven.apache.org/maven2/com/vaadin/external/google/android-json/maven-metadata.xml (390 B at 0.6 KB/sec)
[INFO] 
[INFO] --- maven-resources-plugin:2.6:resources (default-resources) @ SEQ ---
[INFO] Using 'UTF-8' encoding to copy filtered resources.
[INFO] Copying 1 resource
[INFO] Copying 1432 resources
[INFO] 
[INFO] --- maven-compiler-plugin:3.1:compile (default-compile) @ SEQ ---
[INFO] Changes detected - recompiling the module!
[INFO] Compiling 81 source files to /home/ec2-user/javaProject/Cayac/target/classes
[WARNING] /home/ec2-user/javaProject/Cayac/src/main/java/com/example/DB/PlanDeTrabajoBD.java:[4,42] com.sun.org.apache.regexp.internal.RE is internal proprietary API and may be removed in a future release
[INFO] 
[INFO] --- maven-resources-plugin:2.6:testResources (default-testResources) @ SEQ ---
[INFO] Using 'UTF-8' encoding to copy filtered resources.
[INFO] skip non existing resourceDirectory /home/ec2-user/javaProject/Cayac/src/test/resources
[INFO] 
[INFO] --- maven-compiler-plugin:3.1:testCompile (default-testCompile) @ SEQ ---
[INFO] Nothing to compile - all classes are up to date
[INFO] 
[INFO] <<< spring-boot-maven-plugin:1.5.2.RELEASE:run (default-cli) < test-compile @ SEQ <<<
[INFO] 
[INFO] --- spring-boot-maven-plugin:1.5.2.RELEASE:run (default-cli) @ SEQ ---

  .   ____          _            __ _ _
 /\\ / ___'_ __ _ _(_)_ __  __ _ \ \ \ \
( ( )\___ | '_ | '_| | '_ \/ _` | \ \ \ \
 \\/  ___)| |_)| | | | | || (_| |  ) ) ) )
  '  |____| .__|_| |_|_| |_\__, | / / / /
 =========|_|==============|___/=/_/_/_/
 :: Spring Boot ::        (v1.5.2.RELEASE)

2017-10-04 14:54:14.777  INFO 8113 --- [           main] com.example.SeqApplication               : Starting SeqApplication on ip-172-31-4-20 with PID 8113 (/home/ec2-user/javaProject/Cayac/target/classes started by ec2-user in /home/ec2-user/javaProject/Cayac)
2017-10-04 14:54:14.779  INFO 8113 --- [           main] com.example.SeqApplication               : No active profile set, falling back to default profiles: default
2017-10-04 14:54:14.898  INFO 8113 --- [           main] ationConfigEmbeddedWebApplicationContext : Refreshing org.springframework.boot.context.embedded.AnnotationConfigEmbeddedWebApplicationContext@4ce1921e: startup date [Wed Oct 04 14:54:14 UTC 2017]; root of context hierarchy
2017-10-04 14:54:17.316  INFO 8113 --- [           main] trationDelegate$BeanPostProcessorChecker : Bean 'org.springframework.ws.config.annotation.DelegatingWsConfiguration' of type [org.springframework.ws.config.annotation.DelegatingWsConfiguration$$EnhancerBySpringCGLIB$$fb9f77ce] is not eligible for getting processed by all BeanPostProcessors (for example: not eligible for auto-proxying)
2017-10-04 14:54:17.522  INFO 8113 --- [           main] .w.s.a.s.AnnotationActionEndpointMapping : Supporting [WS-Addressing August 2004, WS-Addressing 1.0]
2017-10-04 14:54:17.567  INFO 8113 --- [           main] trationDelegate$BeanPostProcessorChecker : Bean 'org.springframework.security.config.annotation.configuration.ObjectPostProcessorConfiguration' of type [org.springframework.security.config.annotation.configuration.ObjectPostProcessorConfiguration$$EnhancerBySpringCGLIB$$efb57b09] is not eligible for getting processed by all BeanPostProcessors (for example: not eligible for auto-proxying)
2017-10-04 14:54:17.584  INFO 8113 --- [           main] trationDelegate$BeanPostProcessorChecker : Bean 'objectPostProcessor' of type [org.springframework.security.config.annotation.configuration.AutowireBeanFactoryObjectPostProcessor] is not eligible for getting processed by all BeanPostProcessors (for example: not eligible for auto-proxying)
2017-10-04 14:54:17.585  INFO 8113 --- [           main] trationDelegate$BeanPostProcessorChecker : Bean 'org.springframework.security.access.expression.method.DefaultMethodSecurityExpressionHandler@9ae3e80' of type [org.springframework.security.access.expression.method.DefaultMethodSecurityExpressionHandler] is not eligible for getting processed by all BeanPostProcessors (for example: not eligible for auto-proxying)
2017-10-04 14:54:17.599  INFO 8113 --- [           main] trationDelegate$BeanPostProcessorChecker : Bean 'org.springframework.security.config.annotation.method.configuration.GlobalMethodSecurityConfiguration' of type [org.springframework.security.config.annotation.method.configuration.GlobalMethodSecurityConfiguration$$EnhancerBySpringCGLIB$$148a1dbb] is not eligible for getting processed by all BeanPostProcessors (for example: not eligible for auto-proxying)
2017-10-04 14:54:17.623  INFO 8113 --- [           main] trationDelegate$BeanPostProcessorChecker : Bean 'methodSecurityMetadataSource' of type [org.springframework.security.access.method.DelegatingMethodSecurityMetadataSource] is not eligible for getting processed by all BeanPostProcessors (for example: not eligible for auto-proxying)
2017-10-04 14:54:18.112  INFO 8113 --- [           main] s.b.c.e.t.TomcatEmbeddedServletContainer : Tomcat initialized with port(s): 8080 (http)
2017-10-04 14:54:18.133  INFO 8113 --- [           main] o.apache.catalina.core.StandardService   : Starting service Tomcat
2017-10-04 14:54:18.134  INFO 8113 --- [           main] org.apache.catalina.core.StandardEngine  : Starting Servlet Engine: Apache Tomcat/8.5.11
2017-10-04 14:54:18.426  INFO 8113 --- [ost-startStop-1] org.apache.jasper.servlet.TldScanner     : At least one JAR was scanned for TLDs yet contained no TLDs. Enable debug logging for this logger for a complete list of JARs that were scanned but no TLDs were found in them. Skipping unneeded JARs during scanning can improve startup time and JSP compilation time.
2017-10-04 14:54:18.429  INFO 8113 --- [ost-startStop-1] o.a.c.c.C.[Tomcat].[localhost].[/]       : Initializing Spring embedded WebApplicationContext
2017-10-04 14:54:18.429  INFO 8113 --- [ost-startStop-1] o.s.web.context.ContextLoader            : Root WebApplicationContext: initialization completed in 3531 ms
2017-10-04 14:54:18.833  INFO 8113 --- [ost-startStop-1] o.s.b.w.servlet.FilterRegistrationBean   : Mapping filter: 'characterEncodingFilter' to: [/*]
2017-10-04 14:54:18.838  INFO 8113 --- [ost-startStop-1] o.s.b.w.servlet.FilterRegistrationBean   : Mapping filter: 'hiddenHttpMethodFilter' to: [/*]
2017-10-04 14:54:18.838  INFO 8113 --- [ost-startStop-1] o.s.b.w.servlet.FilterRegistrationBean   : Mapping filter: 'httpPutFormContentFilter' to: [/*]
2017-10-04 14:54:18.839  INFO 8113 --- [ost-startStop-1] o.s.b.w.servlet.FilterRegistrationBean   : Mapping filter: 'requestContextFilter' to: [/*]
2017-10-04 14:54:18.840  INFO 8113 --- [ost-startStop-1] .s.DelegatingFilterProxyRegistrationBean : Mapping filter: 'springSecurityFilterChain' to: [/*]
2017-10-04 14:54:18.841  INFO 8113 --- [ost-startStop-1] o.s.b.w.servlet.ServletRegistrationBean  : Mapping servlet: 'dispatcherServlet' to [/]
2017-10-04 14:54:18.845  INFO 8113 --- [ost-startStop-1] o.s.b.w.servlet.ServletRegistrationBean  : Mapping servlet: 'messageDispatcherServlet' to [/services/*]
2017-10-04 14:54:19.786  INFO 8113 --- [           main] s.w.s.m.m.a.RequestMappingHandlerAdapter : Looking for @ControllerAdvice: org.springframework.boot.context.embedded.AnnotationConfigEmbeddedWebApplicationContext@4ce1921e: startup date [Wed Oct 04 14:54:14 UTC 2017]; root of context hierarchy
2017-10-04 14:54:19.940  INFO 8113 --- [           main] s.w.s.m.m.a.RequestMappingHandlerMapping : Mapped "{[/app/contract],methods=[GET]}" onto public org.springframework.http.ResponseEntity<?> com.example.Controllers.ContractController.manejadorDeObtencionDeContratistas()
2017-10-04 14:54:19.947  INFO 8113 --- [           main] s.w.s.m.m.a.RequestMappingHandlerMapping : Mapped "{[/app/contract/activity],methods=[GET]}" onto public org.springframework.http.ResponseEntity<?> com.example.Controllers.ContractController.obtencionDeActividadesEconomicas()
2017-10-04 14:54:19.947  INFO 8113 --- [           main] s.w.s.m.m.a.RequestMappingHandlerMapping : Mapped "{[/app/contract/estadoR/{idContratante}/{idCategoria}/{idContratista}],methods=[GET]}" onto public org.springframework.http.ResponseEntity<?> com.example.Controllers.ContractController.obtenerEstaodoDeRequisitos(int,int,int)
2017-10-04 14:54:19.948  INFO 8113 --- [           main] s.w.s.m.m.a.RequestMappingHandlerMapping : Mapped "{[/app/contract/estadoE/{idContratante}/{idCategoria}/{idContratista}],methods=[GET]}" onto public org.springframework.http.ResponseEntity<?> com.example.Controllers.ContractController.obtenerEstadoDeRequisitosExtras(int,int,int)
2017-10-04 14:54:19.948  INFO 8113 --- [           main] s.w.s.m.m.a.RequestMappingHandlerMapping : Mapped "{[/app/contract],methods=[POST]}" onto public org.springframework.http.ResponseEntity<?> com.example.Controllers.ContractController.nuevoContratista(com.example.Models.Contratista)
2017-10-04 14:54:19.970  INFO 8113 --- [           main] s.w.s.m.m.a.RequestMappingHandlerMapping : Mapped "{[/app/contractor/servicioaContratar/{idContratante}],methods=[GET]}" onto public org.springframework.http.ResponseEntity<?> com.example.Controllers.ContractorController.obtenerServ(int)
2017-10-04 14:54:19.970  INFO 8113 --- [           main] s.w.s.m.m.a.RequestMappingHandlerMapping : Mapped "{[/app/contractor/servicioConContratista/{idContratante}],methods=[GET]}" onto public org.springframework.http.ResponseEntity<?> com.example.Controllers.ContractorController.obtenerServConContratista(int)
2017-10-04 14:54:19.970  INFO 8113 --- [           main] s.w.s.m.m.a.RequestMappingHandlerMapping : Mapped "{[/app/contractor],methods=[GET]}" onto public org.springframework.http.ResponseEntity<?> com.example.Controllers.ContractorController.manejadorDeObtencionDeContratantes()
2017-10-04 14:54:19.971  INFO 8113 --- [           main] s.w.s.m.m.a.RequestMappingHandlerMapping : Mapped "{[/app/contractor/{id}/{idContrato}],methods=[GET]}" onto public org.springframework.http.ResponseEntity<?> com.example.Controllers.ContractorController.obtenerClientePorContrato(int,int)
2017-10-04 14:54:19.972  INFO 8113 --- [           main] s.w.s.m.m.a.RequestMappingHandlerMapping : Mapped "{[/app/contractor/categoria/{idContrato}/{idCategoria}],methods=[GET]}" onto public org.springframework.http.ResponseEntity<?> com.example.Controllers.ContractorController.obtenerClientePorCategoria(int,int)
2017-10-04 14:54:19.972  INFO 8113 --- [           main] s.w.s.m.m.a.RequestMappingHandlerMapping : Mapped "{[/app/contractor/requisitoC/{idContratista}/{idCategoria}/{idContratante}],methods=[GET]}" onto public org.springframework.http.ResponseEntity<?> com.example.Controllers.ContractorController.obtenerRequiCumplido(int,int,int)
2017-10-04 14:54:19.973  INFO 8113 --- [           main] s.w.s.m.m.a.RequestMappingHandlerMapping : Mapped "{[/app/contractor/requisitoNC/{idContratista}/{idCategoria}/{idContratante}],methods=[GET]}" onto public org.springframework.http.ResponseEntity<?> com.example.Controllers.ContractorController.obtenerRequiNoCumplido(int,int,int)
2017-10-04 14:54:19.974  INFO 8113 --- [           main] s.w.s.m.m.a.RequestMappingHandlerMapping : Mapped "{[/app/contractor/requisitoE/{idContratista}/{idCategoria}/{idContratante}],methods=[GET]}" onto public org.springframework.http.ResponseEntity<?> com.example.Controllers.ContractorController.obtenerRequiExtra(int,int,int)
2017-10-04 14:54:19.975  INFO 8113 --- [           main] s.w.s.m.m.a.RequestMappingHandlerMapping : Mapped "{[/app/contractor/requisitoENC/{idContratista}/{idCategoria}/{idContratante}],methods=[GET]}" onto public org.springframework.http.ResponseEntity<?> com.example.Controllers.ContractorController.obtenerRequiExtraNoCumplido(int,int,int)
2017-10-04 14:54:19.976  INFO 8113 --- [           main] s.w.s.m.m.a.RequestMappingHandlerMapping : Mapped "{[/app/contractor],methods=[POST]}" onto public org.springframework.http.ResponseEntity<?> com.example.Controllers.ContractorController.registrarContratante(com.example.Models.Contratante)
2017-10-04 14:54:19.976  INFO 8113 --- [           main] s.w.s.m.m.a.RequestMappingHandlerMapping : Mapped "{[/app/contractor/serAContratar],methods=[POST]}" onto public org.springframework.http.ResponseEntity<?> com.example.Controllers.ContractorController.registrarServicioAContratar(com.example.Models.ServicioAContratar)
2017-10-04 14:54:19.980  INFO 8113 --- [           main] s.w.s.m.m.a.RequestMappingHandlerMapping : Mapped "{[/app/contratos/{idContratante}],methods=[GET]}" onto public org.springframework.http.ResponseEntity<?> com.example.Controllers.ContratoController.obtenerRequiCumplido(int)
2017-10-04 14:54:19.980  INFO 8113 --- [           main] s.w.s.m.m.a.RequestMappingHandlerMapping : Mapped "{[/app/contratos/ejecucion/{idContratante}],methods=[GET]}" onto public org.springframework.http.ResponseEntity<?> com.example.Controllers.ContratoController.obtenerContratosEjecucion(java.lang.Integer)
2017-10-04 14:54:19.980  INFO 8113 --- [           main] s.w.s.m.m.a.RequestMappingHandlerMapping : Mapped "{[/app/contratos/enEjecucion/{idContratante}],methods=[GET]}" onto public org.springframework.http.ResponseEntity<?> com.example.Controllers.ContratoController.obtenerContratosEnEjecucion(java.lang.Integer)
2017-10-04 14:54:19.980  INFO 8113 --- [           main] s.w.s.m.m.a.RequestMappingHandlerMapping : Mapped "{[/app/contratos/id/{nombreContrato}],methods=[GET]}" onto public org.springframework.http.ResponseEntity<?> com.example.Controllers.ContratoController.porNombre(int)
2017-10-04 14:54:19.980  INFO 8113 --- [           main] s.w.s.m.m.a.RequestMappingHandlerMapping : Mapped "{[/app/contratos/fecha/{fechaInicio}/{fechaFin}],methods=[GET]}" onto public org.springframework.http.ResponseEntity<?> com.example.Controllers.ContratoController.porFecha(java.lang.String,java.lang.String)
2017-10-04 14:54:19.980  INFO 8113 --- [           main] s.w.s.m.m.a.RequestMappingHandlerMapping : Mapped "{[/app/contratos/{nombreContrato}/{fechaInicio}/{fechaFin}/{fechaInicioActividades}/{idContratante}/{tipoContrato}],methods=[POST]}" onto public org.springframework.http.ResponseEntity<?> com.example.Controllers.ContratoController.registrarContrato(java.lang.String,java.lang.String,java.lang.String,java.lang.String,java.lang.Integer,java.lang.String,org.springframework.web.multipart.MultipartHttpServletRequest)
2017-10-04 14:54:19.981  INFO 8113 --- [           main] s.w.s.m.m.a.RequestMappingHandlerMapping : Mapped "{[/app/cumplimiento/previoSugeridoCumplido/{idFinalista}/{idCategoria}/{idContratante}],methods=[GET]}" onto public org.springframework.http.ResponseEntity<?> com.example.Controllers.CumplimientoEjecucionController.obtenerRequiPrevioCumplido(int,int,int)
2017-10-04 14:54:19.982  INFO 8113 --- [           main] s.w.s.m.m.a.RequestMappingHandlerMapping : Mapped "{[/app/cumplimiento/previoSugeridoNoCumplido/{idFinalista}/{idCategoria}/{idContratante}],methods=[GET]}" onto public org.springframework.http.ResponseEntity<?> com.example.Controllers.CumplimientoEjecucionController.obtenerPrevioSugeridoNoCumplido(int,int,int)
2017-10-04 14:54:19.986  INFO 8113 --- [           main] s.w.s.m.m.a.RequestMappingHandlerMapping : Mapped "{[/app/cumplimiento/previoSugeridoExtraCumplido/{idFinalista}/{idCategoria}/{idContratante}],methods=[GET]}" onto public org.springframework.http.ResponseEntity<?> com.example.Controllers.CumplimientoEjecucionController.obtenerRequiPrevioExtraCumplido(int,int,int)
2017-10-04 14:54:19.986  INFO 8113 --- [           main] s.w.s.m.m.a.RequestMappingHandlerMapping : Mapped "{[/app/cumplimiento/previoSugeridoExtraNoCumplido/{idFinalista}/{idCategoria}/{idContratante}],methods=[GET]}" onto public org.springframework.http.ResponseEntity<?> com.example.Controllers.CumplimientoEjecucionController.obtenerRequiPrevioExtraNoCumplido(int,int,int)
2017-10-04 14:54:19.987  INFO 8113 --- [           main] s.w.s.m.m.a.RequestMappingHandlerMapping : Mapped "{[/app/documento/{idContratista}/{idRequisitoSugerido}],methods=[POST]}" onto public org.springframework.http.ResponseEntity<?> com.example.Controllers.DocumentoController.InsertarImagen(java.lang.Integer,java.lang.Integer,org.springframework.web.multipart.MultipartHttpServletRequest)
2017-10-04 14:54:19.989  INFO 8113 --- [           main] s.w.s.m.m.a.RequestMappingHandlerMapping : Mapped "{[/app/docEstaticos/{idFinalista}/{idRequisito}/{idContratista}/previoSugerido],methods=[POST]}" onto public org.springframework.http.ResponseEntity<?> com.example.Controllers.DocumentosEstaticosController.InsertarDocumentoPrevioSugerido(java.lang.Integer,java.lang.Integer,java.lang.Integer,org.springframework.web.multipart.MultipartHttpServletRequest)
2017-10-04 14:54:19.989  INFO 8113 --- [           main] s.w.s.m.m.a.RequestMappingHandlerMapping : Mapped "{[/app/docEstaticos/{idFinalista}/{idRequisito}/{idContratista}/previoExtra],methods=[POST]}" onto public org.springframework.http.ResponseEntity<?> com.example.Controllers.DocumentosEstaticosController.InsertarDocumentoPrevioExtra(java.lang.Integer,java.lang.Integer,java.lang.Integer,org.springframework.web.multipart.MultipartHttpServletRequest)
2017-10-04 14:54:19.996  INFO 8113 --- [           main] s.w.s.m.m.a.RequestMappingHandlerMapping : Mapped "{[/app/finalista/{idContratante}/{idContrato}],methods=[GET]}" onto public org.springframework.http.ResponseEntity<?> com.example.Controllers.FinalistaController.obtenerClientePorId(int,int)
2017-10-04 14:54:19.996  INFO 8113 --- [           main] s.w.s.m.m.a.RequestMappingHandlerMapping : Mapped "{[/app/finalista/definitivo/{idContratante}/{idContrato}],methods=[GET]}" onto public org.springframework.http.ResponseEntity<?> com.example.Controllers.FinalistaController.obtenerFinalistas(int,int)
2017-10-04 14:54:19.997  INFO 8113 --- [           main] s.w.s.m.m.a.RequestMappingHandlerMapping : Mapped "{[/app/finalista/previosSugeridos/{idContratante}/{idCategoria}],methods=[GET]}" onto public org.springframework.http.ResponseEntity<?> com.example.Controllers.FinalistaController.obtenePreviosSugeridos(int,int)
2017-10-04 14:54:19.998  INFO 8113 --- [           main] s.w.s.m.m.a.RequestMappingHandlerMapping : Mapped "{[/app/finalista/previosExtras/{idContratante}/{idCategoria}],methods=[GET]}" onto public org.springframework.http.ResponseEntity<?> com.example.Controllers.FinalistaController.obtenePreviosExtras(int,int)
2017-10-04 14:54:19.998  INFO 8113 --- [           main] s.w.s.m.m.a.RequestMappingHandlerMapping : Mapped "{[/app/finalista],methods=[POST]}" onto public org.springframework.http.ResponseEntity<?> com.example.Controllers.FinalistaController.nuevoFinalista(com.example.Models.Finalista)
2017-10-04 14:54:19.998  INFO 8113 --- [           main] s.w.s.m.m.a.RequestMappingHandlerMapping : Mapped "{[/app/finalista/manual],methods=[POST]}" onto public org.springframework.http.ResponseEntity<?> com.example.Controllers.FinalistaController.registroManual(com.example.Models.Contratista)
2017-10-04 14:54:20.001  INFO 8113 --- [           main] s.w.s.m.m.a.RequestMappingHandlerMapping : Mapped "{[/app/imagenes/{idContratista}/{idRequisitoSugerido}],methods=[GET]}" onto public org.springframework.http.ResponseEntity<?> com.example.Controllers.ImagenesController.tipoImagen(int,int)
2017-10-04 14:54:20.002  INFO 8113 --- [           main] s.w.s.m.m.a.RequestMappingHandlerMapping : Mapped "{[/app/imagenes/{idContratista}/{idRequisitoSugerido}],methods=[POST]}" onto public org.springframework.http.ResponseEntity<?> com.example.Controllers.ImagenesController.InsertarImagen(java.lang.Integer,java.lang.Integer,org.springframework.web.multipart.MultipartHttpServletRequest)
2017-10-04 14:54:20.002  INFO 8113 --- [           main] s.w.s.m.m.a.RequestMappingHandlerMapping : Mapped "{[/app/indicador/Indicadores],methods=[POST]}" onto public org.springframework.http.ResponseEntity<?> com.example.Controllers.IndicadoresController.agregarIndicador(com.example.Models.Indicador)
2017-10-04 14:54:20.003  INFO 8113 --- [           main] s.w.s.m.m.a.RequestMappingHandlerMapping : Mapped "{[/app/limites/{idContratante}/{idCategoria}],methods=[GET]}" onto public org.springframework.http.ResponseEntity<?> com.example.Controllers.LimitController.responseResource(int,int)
2017-10-04 14:54:20.003  INFO 8113 --- [           main] s.w.s.m.m.a.RequestMappingHandlerMapping : Mapped "{[/app/limites/limit/{idContratante}],methods=[GET]}" onto public org.springframework.http.ResponseEntity<?> com.example.Controllers.LimitController.fechalimite(int)
2017-10-04 14:54:20.003  INFO 8113 --- [           main] s.w.s.m.m.a.RequestMappingHandlerMapping : Mapped "{[/app/limites],methods=[POST]}" onto public org.springframework.http.ResponseEntity<?> com.example.Controllers.LimitController.registrarFechaLimite(com.example.Models.FechaLimite)
2017-10-04 14:54:20.004  INFO 8113 --- [           main] s.w.s.m.m.a.RequestMappingHandlerMapping : Mapped "{[/app/login/contratante/{email}/{password}],methods=[GET]}" onto public org.springframework.http.ResponseEntity<?> com.example.Controllers.LoginContratanteController.loginContratante(java.lang.String,java.lang.String)
2017-10-04 14:54:20.004  INFO 8113 --- [           main] s.w.s.m.m.a.RequestMappingHandlerMapping : Mapped "{[/app/login/contratante/id/{email}/{password}],methods=[GET]}" onto public org.springframework.http.ResponseEntity<?> com.example.Controllers.LoginContratanteController.geIdContratante(java.lang.String,java.lang.String)
2017-10-04 14:54:20.004  INFO 8113 --- [           main] s.w.s.m.m.a.RequestMappingHandlerMapping : Mapped "{[/app/login/contratante/categoria/{email}/{password}],methods=[GET]}" onto public org.springframework.http.ResponseEntity<?> com.example.Controllers.LoginContratanteController.getContratante(java.lang.String,java.lang.String)
2017-10-04 14:54:20.004  INFO 8113 --- [           main] s.w.s.m.m.a.RequestMappingHandlerMapping : Mapped "{[/app/login/contratante],methods=[POST]}" onto public org.springframework.http.ResponseEntity<?> com.example.Controllers.LoginContratanteController.actualizarContraseña(com.example.Models.Usuario)
2017-10-04 14:54:20.006  INFO 8113 --- [           main] s.w.s.m.m.a.RequestMappingHandlerMapping : Mapped "{[/app/login/contratista],methods=[POST]}" onto public org.springframework.http.ResponseEntity<?> com.example.Controllers.LoginContratistaController.actualizarContraseña(com.example.Models.Usuario)
2017-10-04 14:54:20.014  INFO 8113 --- [           main] s.w.s.m.m.a.RequestMappingHandlerMapping : Mapped "{[/app/login/contratista/{email}/{password}],methods=[GET]}" onto public org.springframework.http.ResponseEntity<?> com.example.Controllers.LoginContratistaController.loginContratista(java.lang.String,java.lang.String)
2017-10-04 14:54:20.014  INFO 8113 --- [           main] s.w.s.m.m.a.RequestMappingHandlerMapping : Mapped "{[/app/login/contratista/id/{email}/{password}],methods=[GET]}" onto public org.springframework.http.ResponseEntity<?> com.example.Controllers.LoginContratistaController.geIdContratista(java.lang.String,java.lang.String)
2017-10-04 14:54:20.014  INFO 8113 --- [           main] s.w.s.m.m.a.RequestMappingHandlerMapping : Mapped "{[/app/login/contratista/categoria/{email}/{password}],methods=[GET]}" onto public org.springframework.http.ResponseEntity<?> com.example.Controllers.LoginContratistaController.getContratista(java.lang.String,java.lang.String)
2017-10-04 14:54:20.015  INFO 8113 --- [           main] s.w.s.m.m.a.RequestMappingHandlerMapping : Mapped "{[/app/login/contratista/{idContratante}/{idCategoria}/requisitos],methods=[GET]}" onto public org.springframework.http.ResponseEntity<?> com.example.Controllers.LoginContratistaController.obtenerSugeridos(int,int)
2017-10-04 14:54:20.028  INFO 8113 --- [           main] s.w.s.m.m.a.RequestMappingHandlerMapping : Mapped "{[/app/login/contratista/{idContratante}/{idCategoria}/extras],methods=[GET]}" onto public org.springframework.http.ResponseEntity<?> com.example.Controllers.LoginContratistaController.obtenerExtras(int,int)
2017-10-04 14:54:20.032  INFO 8113 --- [           main] s.w.s.m.m.a.RequestMappingHandlerMapping : Mapped "{[/app/planDeTrabajo/actpC/{idContratista}/{mes}],methods=[GET]}" onto public org.springframework.http.ResponseEntity<?> com.example.Controllers.PlanDeTrabajoController.obtenerActividadesDeContratisttas(int,java.lang.String)
2017-10-04 14:54:20.038  INFO 8113 --- [           main] s.w.s.m.m.a.RequestMappingHandlerMapping : Mapped "{[/app/planDeTrabajo/conSopor/{idContratista}/{mes}],methods=[GET]}" onto public org.springframework.http.ResponseEntity<?> com.example.Controllers.PlanDeTrabajoController.obtenerActividadesDeContratisttasConSOPORTE(int,java.lang.String)
2017-10-04 14:54:20.038  INFO 8113 --- [           main] s.w.s.m.m.a.RequestMappingHandlerMapping : Mapped "{[/app/planDeTrabajo/sinSopor/{idContratista}/{mes}],methods=[GET]}" onto public org.springframework.http.ResponseEntity<?> com.example.Controllers.PlanDeTrabajoController.obtenerActividadesDeContratisttassinSOPORTE(int,java.lang.String)
2017-10-04 14:54:20.038  INFO 8113 --- [           main] s.w.s.m.m.a.RequestMappingHandlerMapping : Mapped "{[/app/planDeTrabajo/sinRegistro/{idContratante}/{mes}/{year}],methods=[GET]}" onto public org.springframework.http.ResponseEntity<?> com.example.Controllers.PlanDeTrabajoController.obtenerSinRegistroDeActividad(int,java.lang.String,int)
2017-10-04 14:54:20.039  INFO 8113 --- [           main] s.w.s.m.m.a.RequestMappingHandlerMapping : Mapped "{[/app/planDeTrabajo/contratante/{idContratante}/{mes}/{year}],methods=[GET]}" onto public org.springframework.http.ResponseEntity<?> com.example.Controllers.PlanDeTrabajoController.obtenerPendientesDeSoporte(int,java.lang.String,int)
2017-10-04 14:54:20.039  INFO 8113 --- [           main] s.w.s.m.m.a.RequestMappingHandlerMapping : Mapped "{[/app/planDeTrabajo/aprobado/{idContratista}/{idContratante}],methods=[GET]}" onto public org.springframework.http.ResponseEntity<?> com.example.Controllers.PlanDeTrabajoController.obtenerAprobacionDeContratisttas(int,int)
2017-10-04 14:54:20.039  INFO 8113 --- [           main] s.w.s.m.m.a.RequestMappingHandlerMapping : Mapped "{[/app/planDeTrabajo/aprobadoPlanDeTrabajo/{idContratista}/{idContratante}/{mes}],methods=[GET]}" onto public org.springframework.http.ResponseEntity<?> com.example.Controllers.PlanDeTrabajoController.obtenerAprobacionDePlanDeTrabajoContratisttas(int,int,java.lang.String)
2017-10-04 14:54:20.040  INFO 8113 --- [           main] s.w.s.m.m.a.RequestMappingHandlerMapping : Mapped "{[/app/planDeTrabajo/mensajesContr/{idContratista}/{idContratante}],methods=[GET]}" onto public org.springframework.http.ResponseEntity<?> com.example.Controllers.PlanDeTrabajoController.obtenerMensajesDeContratisttas(int,int)
2017-10-04 14:54:20.045  INFO 8113 --- [           main] s.w.s.m.m.a.RequestMappingHandlerMapping : Mapped "{[/app/planDeTrabajo/aprobacion],methods=[POST]}" onto public org.springframework.http.ResponseEntity<?> com.example.Controllers.PlanDeTrabajoController.agregarAprobacion(com.example.Models.Aprobacion)
2017-10-04 14:54:20.045  INFO 8113 --- [           main] s.w.s.m.m.a.RequestMappingHandlerMapping : Mapped "{[/app/planDeTrabajo/aprobacionDePlanDeTrabajo],methods=[POST]}" onto public org.springframework.http.ResponseEntity<?> com.example.Controllers.PlanDeTrabajoController.agregarAprobacionPlanDeTrabajo(com.example.Models.Aprobacion)
2017-10-04 14:54:20.045  INFO 8113 --- [           main] s.w.s.m.m.a.RequestMappingHandlerMapping : Mapped "{[/app/planDeTrabajo/mensaje],methods=[POST]}" onto public org.springframework.http.ResponseEntity<?> com.example.Controllers.PlanDeTrabajoController.agregarMensaje(com.example.Models.Mensaje)
2017-10-04 14:54:20.045  INFO 8113 --- [           main] s.w.s.m.m.a.RequestMappingHandlerMapping : Mapped "{[/app/planDeTrabajo],methods=[POST]}" onto public org.springframework.http.ResponseEntity<?> com.example.Controllers.PlanDeTrabajoController.agregarActividadDePlanTrabajo(com.example.Models.PlanDeTrabajo)
2017-10-04 14:54:20.045  INFO 8113 --- [           main] s.w.s.m.m.a.RequestMappingHandlerMapping : Mapped "{[/app/planDeTrabajo/{id}/{idContratista}],methods=[POST]}" onto public org.springframework.http.ResponseEntity<?> com.example.Controllers.PlanDeTrabajoController.actualizarRegistro(java.lang.Integer,java.lang.Integer,org.springframework.web.multipart.MultipartHttpServletRequest)
2017-10-04 14:54:20.047  INFO 8113 --- [           main] s.w.s.m.m.a.RequestMappingHandlerMapping : Mapped "{[/app/requisitoEstaticos/{idContratante}/{idCategoria}/previosSugeridos],methods=[GET]}" onto public org.springframework.http.ResponseEntity<?> com.example.Controllers.RequisitosEstaticosController.obtenerRequisitosPreviosSugeridos(int,int)
2017-10-04 14:54:20.047  INFO 8113 --- [           main] s.w.s.m.m.a.RequestMappingHandlerMapping : Mapped "{[/app/requisitoEstaticos/{idContratante}/{idCategoria}/previosExtras],methods=[GET]}" onto public org.springframework.http.ResponseEntity<?> com.example.Controllers.RequisitosEstaticosController.obtenerRequisitosPreviosExtras(int,int)
2017-10-04 14:54:20.047  INFO 8113 --- [           main] s.w.s.m.m.a.RequestMappingHandlerMapping : Mapped "{[/app/requisitoEstaticos/{idContratante}/{idCategoria}/{idFinalista}/estadoPreviosSugeridos],methods=[GET]}" onto public org.springframework.http.ResponseEntity<?> com.example.Controllers.RequisitosEstaticosController.estadoPreviosSugeridos(int,int,int)
2017-10-04 14:54:20.047  INFO 8113 --- [           main] s.w.s.m.m.a.RequestMappingHandlerMapping : Mapped "{[/app/requisitoEstaticos/{idContratante}/{idCategoria}/{idFinalista}/estadoPreviosExtras],methods=[GET]}" onto public org.springframework.http.ResponseEntity<?> com.example.Controllers.RequisitosEstaticosController.estadoPreviosExtras(int,int,int)
2017-10-04 14:54:20.050  INFO 8113 --- [           main] s.w.s.m.m.a.RequestMappingHandlerMapping : Mapped "{[/app/requisitoEstaticos/previosSugerido],methods=[POST]}" onto public org.springframework.http.ResponseEntity<?> com.example.Controllers.RequisitosEstaticosController.registroPrevioSugerido(com.example.Models.RequisitoObligatorio)
2017-10-04 14:54:20.050  INFO 8113 --- [           main] s.w.s.m.m.a.RequestMappingHandlerMapping : Mapped "{[/app/requisitoEstaticos/previosExtra],methods=[POST]}" onto public org.springframework.http.ResponseEntity<?> com.example.Controllers.RequisitosEstaticosController.registroPrevioExtra(com.example.Models.RequisitoExtra)
2017-10-04 14:54:20.051  INFO 8113 --- [           main] s.w.s.m.m.a.RequestMappingHandlerMapping : Mapped "{[/app/requisitosExtras/{idContratante}/{idCategoria}/extras],methods=[GET]}" onto public org.springframework.http.ResponseEntity<?> com.example.Controllers.RequisitosExtrasController.obtenerRequisitosExtrasObligatiorios(int,int)
2017-10-04 14:54:20.051  INFO 8113 --- [           main] s.w.s.m.m.a.RequestMappingHandlerMapping : Mapped "{[/app/requisitosExtras],methods=[POST]}" onto public org.springframework.http.ResponseEntity<?> com.example.Controllers.RequisitosExtrasController.agregarExtraObligatorios(com.example.Models.RequisitoExtra)
2017-10-04 14:54:20.051  INFO 8113 --- [           main] s.w.s.m.m.a.RequestMappingHandlerMapping : Mapped "{[/app/requisitosExtras/eliminar/{idRequisito}/{idContratante}],methods=[DELETE]}" onto public org.springframework.http.ResponseEntity<?> com.example.Controllers.RequisitosExtrasController.EliminarExtra(int,int)
2017-10-04 14:54:20.052  INFO 8113 --- [           main] s.w.s.m.m.a.RequestMappingHandlerMapping : Mapped "{[/app/requisitosObligatorios/{idContratante}/{idCategoria}/obligatorio],methods=[GET]}" onto public org.springframework.http.ResponseEntity<?> com.example.Controllers.RequisitosObligatoriosController.obtenerRequisitosObligatorios(int,int)
2017-10-04 14:54:20.052  INFO 8113 --- [           main] s.w.s.m.m.a.RequestMappingHandlerMapping : Mapped "{[/app/requisitosObligatorios],methods=[POST]}" onto public org.springframework.http.ResponseEntity<?> com.example.Controllers.RequisitosObligatoriosController.agregarObligatorio(com.example.Models.RequisitoObligatorio)
2017-10-04 14:54:20.052  INFO 8113 --- [           main] s.w.s.m.m.a.RequestMappingHandlerMapping : Mapped "{[/app/requisitosObligatorios/eliminar/{idRequisito}/{idContratante}],methods=[DELETE]}" onto public org.springframework.http.ResponseEntity<?> com.example.Controllers.RequisitosObligatoriosController.EliminarObligatorio(int,int)
2017-10-04 14:54:20.052  INFO 8113 --- [           main] s.w.s.m.m.a.RequestMappingHandlerMapping : Mapped "{[/app/seguridadSocial/{idContratista}/{idContratante}/{mes}/{cambios}],methods=[POST]}" onto public org.springframework.http.ResponseEntity<?> com.example.Controllers.SeguridadSocialController.InsertarImagen(java.lang.Integer,java.lang.Integer,java.lang.String,java.lang.String,org.springframework.web.multipart.MultipartHttpServletRequest)
2017-10-04 14:54:20.053  INFO 8113 --- [           main] s.w.s.m.m.a.RequestMappingHandlerMapping : Mapped "{[/app/user]}" onto public java.security.Principal com.example.Controllers.UserController.user(java.security.Principal)
2017-10-04 14:54:20.053  INFO 8113 --- [           main] s.w.s.m.m.a.RequestMappingHandlerMapping : Mapped "{[/app/eliminar/eliminarPS/{idRequisito}/{idContratante}],methods=[DELETE]}" onto public org.springframework.http.ResponseEntity<?> com.example.Controllers.eliminarController.EliminarPrevioSugerido(int,int)
2017-10-04 14:54:20.053  INFO 8113 --- [           main] s.w.s.m.m.a.RequestMappingHandlerMapping : Mapped "{[/app/eliminar/eliminarPE/{idRequisito}/{idContratante}],methods=[DELETE]}" onto public org.springframework.http.ResponseEntity<?> com.example.Controllers.eliminarController.EliminarPrevioextra(int,int)
2017-10-04 14:54:20.061  INFO 8113 --- [           main] s.w.s.m.m.a.RequestMappingHandlerMapping : Mapped "{[/error],produces=[text/html]}" onto public org.springframework.web.servlet.ModelAndView org.springframework.boot.autoconfigure.web.BasicErrorController.errorHtml(javax.servlet.http.HttpServletRequest,javax.servlet.http.HttpServletResponse)
2017-10-04 14:54:20.061  INFO 8113 --- [           main] s.w.s.m.m.a.RequestMappingHandlerMapping : Mapped "{[/error]}" onto public org.springframework.http.ResponseEntity<java.util.Map<java.lang.String, java.lang.Object>> org.springframework.boot.autoconfigure.web.BasicErrorController.error(javax.servlet.http.HttpServletRequest)
2017-10-04 14:54:20.164  INFO 8113 --- [           main] o.s.w.s.handler.SimpleUrlHandlerMapping  : Mapped URL path [/webjars/**] onto handler of type [class org.springframework.web.servlet.resource.ResourceHttpRequestHandler]
2017-10-04 14:54:20.164  INFO 8113 --- [           main] o.s.w.s.handler.SimpleUrlHandlerMapping  : Mapped URL path [/**] onto handler of type [class org.springframework.web.servlet.resource.ResourceHttpRequestHandler]
2017-10-04 14:54:20.259  INFO 8113 --- [           main] o.s.w.s.handler.SimpleUrlHandlerMapping  : Mapped URL path [/**/favicon.ico] onto handler of type [class org.springframework.web.servlet.resource.ResourceHttpRequestHandler]
2017-10-04 14:54:20.721  INFO 8113 --- [           main] b.a.s.AuthenticationManagerConfiguration : 

Using default security password: 64fd2f5f-564d-4edb-beb9-cb99113d4b53

2017-10-04 14:54:20.729  INFO 8113 --- [           main] o.s.s.web.DefaultSecurityFilterChain     : Creating filter chain: OrRequestMatcher [requestMatchers=[Ant [pattern='/css/**'], Ant [pattern='/js/**'], Ant [pattern='/images/**'], Ant [pattern='/webjars/**'], Ant [pattern='/**/favicon.ico'], Ant [pattern='/error']]], []
2017-10-04 14:54:20.896  INFO 8113 --- [           main] o.s.s.web.DefaultSecurityFilterChain     : Creating filter chain: org.springframework.security.web.util.matcher.AnyRequestMatcher@1, [org.springframework.security.web.context.request.async.WebAsyncManagerIntegrationFilter@3e61be87, org.springframework.security.web.context.SecurityContextPersistenceFilter@35ec031e, org.springframework.security.web.header.HeaderWriterFilter@af45112, org.springframework.security.web.csrf.CsrfFilter@5202b3a9, com.example.SeqApplication$SecurityConfiguration$1@248e554c, org.springframework.security.web.authentication.logout.LogoutFilter@50bc272b, org.springframework.security.web.authentication.www.BasicAuthenticationFilter@10ac8db5, org.springframework.security.web.savedrequest.RequestCacheAwareFilter@2e70ca4, org.springframework.security.web.servletapi.SecurityContextHolderAwareRequestFilter@3d81bb0, org.springframework.security.web.authentication.AnonymousAuthenticationFilter@2c9b5b77, org.springframework.security.web.session.SessionManagementFilter@418bf0a8, org.springframework.security.web.access.ExceptionTranslationFilter@1506d686, org.springframework.security.web.access.intercept.FilterSecurityInterceptor@55b9f98e]
2017-10-04 14:54:20.912  INFO 8113 --- [           main] o.s.s.web.DefaultSecurityFilterChain     : Creating filter chain: OrRequestMatcher [requestMatchers=[Ant [pattern='/**']]], [org.springframework.security.web.context.request.async.WebAsyncManagerIntegrationFilter@2721945b, org.springframework.security.web.context.SecurityContextPersistenceFilter@72a62211, org.springframework.security.web.header.HeaderWriterFilter@71330121, org.springframework.security.web.authentication.logout.LogoutFilter@2ce00f4b, org.springframework.security.web.authentication.www.BasicAuthenticationFilter@6f15166c, org.springframework.security.web.savedrequest.RequestCacheAwareFilter@6b5e745d, org.springframework.security.web.servletapi.SecurityContextHolderAwareRequestFilter@28d5a1e, org.springframework.security.web.authentication.AnonymousAuthenticationFilter@87401dd, org.springframework.security.web.session.SessionManagementFilter@32738612, org.springframework.security.web.access.ExceptionTranslationFilter@58e83121, org.springframework.security.web.access.intercept.FilterSecurityInterceptor@2de56970]
2017-10-04 14:54:21.195  INFO 8113 --- [           main] o.s.j.e.a.AnnotationMBeanExporter        : Registering beans for JMX exposure on startup
2017-10-04 14:54:21.304  INFO 8113 --- [           main] s.b.c.e.t.TomcatEmbeddedServletContainer : Tomcat started on port(s): 8080 (http)
2017-10-04 14:54:21.314  INFO 8113 --- [           main] com.example.SeqApplication               : Started SeqApplication in 7.081 seconds (JVM running for 17.277)
2017-10-04 14:55:34.540  INFO 8113 --- [nio-8080-exec-7] o.a.c.c.C.[Tomcat].[localhost].[/]       : Initializing Spring FrameworkServlet 'dispatcherServlet'
2017-10-04 14:55:34.541  INFO 8113 --- [nio-8080-exec-7] o.s.web.servlet.DispatcherServlet        : FrameworkServlet 'dispatcherServlet': initialization started
2017-10-04 14:55:34.585  INFO 8113 --- [nio-8080-exec-7] o.s.web.servlet.DispatcherServlet        : FrameworkServlet 'dispatcherServlet': initialization completed in 35 ms
sdjcfhksdfh
true
2017-10-04 14:57:46.970  INFO 8113 --- [       Thread-3] ationConfigEmbeddedWebApplicationContext : Closing org.springframework.boot.context.embedded.AnnotationConfigEmbeddedWebApplicationContext@4ce1921e: startup date [Wed Oct 04 14:54:14 UTC 2017]; root of context hierarchy
2017-10-04 14:57:46.976  INFO 8113 --- [       Thread-3] o.s.j.e.a.AnnotationMBeanExporter        : Unregistering JMX-exposed beans on shutdown
[INFO] ------------------------------------------------------------------------
[INFO] BUILD SUCCESS
[INFO] ------------------------------------------------------------------------
[INFO] Total time: 03:41 min
[INFO] Finished at: 2017-10-04T14:57:47+00:00
[INFO] Final Memory: 45M/108M
[INFO] ------------------------------------------------------------------------
[INFO] Scanning for projects...
[INFO]                                                                         
[INFO] ------------------------------------------------------------------------
[INFO] Building SEQ 0.0.1-SNAPSHOT
[INFO] ------------------------------------------------------------------------
[INFO] 
[INFO] >>> spring-boot-maven-plugin:1.5.2.RELEASE:run (default-cli) > test-compile @ SEQ >>>
[INFO] 
[INFO] --- maven-resources-plugin:2.6:resources (default-resources) @ SEQ ---
[INFO] Using 'UTF-8' encoding to copy filtered resources.
[INFO] Copying 1 resource
[INFO] Copying 1432 resources
[INFO] 
[INFO] --- maven-compiler-plugin:3.1:compile (default-compile) @ SEQ ---
[INFO] Changes detected - recompiling the module!
[INFO] Compiling 81 source files to /home/ec2-user/javaProject/Cayac/target/classes
[WARNING] /home/ec2-user/javaProject/Cayac/src/main/java/com/example/DB/PlanDeTrabajoBD.java:[4,42] com.sun.org.apache.regexp.internal.RE is internal proprietary API and may be removed in a future release
[INFO] 
[INFO] --- maven-resources-plugin:2.6:testResources (default-testResources) @ SEQ ---
[INFO] Using 'UTF-8' encoding to copy filtered resources.
[INFO] skip non existing resourceDirectory /home/ec2-user/javaProject/Cayac/src/test/resources
[INFO] 
[INFO] --- maven-compiler-plugin:3.1:testCompile (default-testCompile) @ SEQ ---
[INFO] Nothing to compile - all classes are up to date
[INFO] 
[INFO] <<< spring-boot-maven-plugin:1.5.2.RELEASE:run (default-cli) < test-compile @ SEQ <<<
[INFO] 
[INFO] --- spring-boot-maven-plugin:1.5.2.RELEASE:run (default-cli) @ SEQ ---

  .   ____          _            __ _ _
 /\\ / ___'_ __ _ _(_)_ __  __ _ \ \ \ \
( ( )\___ | '_ | '_| | '_ \/ _` | \ \ \ \
 \\/  ___)| |_)| | | | | || (_| |  ) ) ) )
  '  |____| .__|_| |_|_| |_\__, | / / / /
 =========|_|==============|___/=/_/_/_/
 :: Spring Boot ::        (v1.5.2.RELEASE)

2017-10-04 15:01:13.487  INFO 8201 --- [           main] com.example.SeqApplication               : Starting SeqApplication on ip-172-31-4-20 with PID 8201 (/home/ec2-user/javaProject/Cayac/target/classes started by ec2-user in /home/ec2-user/javaProject/Cayac)
2017-10-04 15:01:13.489  INFO 8201 --- [           main] com.example.SeqApplication               : No active profile set, falling back to default profiles: default
2017-10-04 15:01:13.622  INFO 8201 --- [           main] ationConfigEmbeddedWebApplicationContext : Refreshing org.springframework.boot.context.embedded.AnnotationConfigEmbeddedWebApplicationContext@2fb1f5b4: startup date [Wed Oct 04 15:01:13 UTC 2017]; root of context hierarchy
2017-10-04 15:01:16.166  INFO 8201 --- [           main] trationDelegate$BeanPostProcessorChecker : Bean 'org.springframework.ws.config.annotation.DelegatingWsConfiguration' of type [org.springframework.ws.config.annotation.DelegatingWsConfiguration$$EnhancerBySpringCGLIB$$27374792] is not eligible for getting processed by all BeanPostProcessors (for example: not eligible for auto-proxying)
2017-10-04 15:01:16.248  INFO 8201 --- [           main] .w.s.a.s.AnnotationActionEndpointMapping : Supporting [WS-Addressing August 2004, WS-Addressing 1.0]
2017-10-04 15:01:16.310  INFO 8201 --- [           main] trationDelegate$BeanPostProcessorChecker : Bean 'org.springframework.security.config.annotation.configuration.ObjectPostProcessorConfiguration' of type [org.springframework.security.config.annotation.configuration.ObjectPostProcessorConfiguration$$EnhancerBySpringCGLIB$$1b4d4acd] is not eligible for getting processed by all BeanPostProcessors (for example: not eligible for auto-proxying)
2017-10-04 15:01:16.331  INFO 8201 --- [           main] trationDelegate$BeanPostProcessorChecker : Bean 'objectPostProcessor' of type [org.springframework.security.config.annotation.configuration.AutowireBeanFactoryObjectPostProcessor] is not eligible for getting processed by all BeanPostProcessors (for example: not eligible for auto-proxying)
2017-10-04 15:01:16.332  INFO 8201 --- [           main] trationDelegate$BeanPostProcessorChecker : Bean 'org.springframework.security.access.expression.method.DefaultMethodSecurityExpressionHandler@cb40ee3' of type [org.springframework.security.access.expression.method.DefaultMethodSecurityExpressionHandler] is not eligible for getting processed by all BeanPostProcessors (for example: not eligible for auto-proxying)
2017-10-04 15:01:16.350  INFO 8201 --- [           main] trationDelegate$BeanPostProcessorChecker : Bean 'org.springframework.security.config.annotation.method.configuration.GlobalMethodSecurityConfiguration' of type [org.springframework.security.config.annotation.method.configuration.GlobalMethodSecurityConfiguration$$EnhancerBySpringCGLIB$$4021ed7f] is not eligible for getting processed by all BeanPostProcessors (for example: not eligible for auto-proxying)
2017-10-04 15:01:16.366  INFO 8201 --- [           main] trationDelegate$BeanPostProcessorChecker : Bean 'methodSecurityMetadataSource' of type [org.springframework.security.access.method.DelegatingMethodSecurityMetadataSource] is not eligible for getting processed by all BeanPostProcessors (for example: not eligible for auto-proxying)
2017-10-04 15:01:16.902  INFO 8201 --- [           main] s.b.c.e.t.TomcatEmbeddedServletContainer : Tomcat initialized with port(s): 8080 (http)
2017-10-04 15:01:16.933  INFO 8201 --- [           main] o.apache.catalina.core.StandardService   : Starting service Tomcat
2017-10-04 15:01:16.934  INFO 8201 --- [           main] org.apache.catalina.core.StandardEngine  : Starting Servlet Engine: Apache Tomcat/8.5.11
2017-10-04 15:01:17.259  INFO 8201 --- [ost-startStop-1] org.apache.jasper.servlet.TldScanner     : At least one JAR was scanned for TLDs yet contained no TLDs. Enable debug logging for this logger for a complete list of JARs that were scanned but no TLDs were found in them. Skipping unneeded JARs during scanning can improve startup time and JSP compilation time.
2017-10-04 15:01:17.270  INFO 8201 --- [ost-startStop-1] o.a.c.c.C.[Tomcat].[localhost].[/]       : Initializing Spring embedded WebApplicationContext
2017-10-04 15:01:17.270  INFO 8201 --- [ost-startStop-1] o.s.web.context.ContextLoader            : Root WebApplicationContext: initialization completed in 3660 ms
2017-10-04 15:01:17.640  INFO 8201 --- [ost-startStop-1] o.s.b.w.servlet.FilterRegistrationBean   : Mapping filter: 'characterEncodingFilter' to: [/*]
2017-10-04 15:01:17.641  INFO 8201 --- [ost-startStop-1] o.s.b.w.servlet.FilterRegistrationBean   : Mapping filter: 'hiddenHttpMethodFilter' to: [/*]
2017-10-04 15:01:17.641  INFO 8201 --- [ost-startStop-1] o.s.b.w.servlet.FilterRegistrationBean   : Mapping filter: 'httpPutFormContentFilter' to: [/*]
2017-10-04 15:01:17.642  INFO 8201 --- [ost-startStop-1] o.s.b.w.servlet.FilterRegistrationBean   : Mapping filter: 'requestContextFilter' to: [/*]
2017-10-04 15:01:17.643  INFO 8201 --- [ost-startStop-1] .s.DelegatingFilterProxyRegistrationBean : Mapping filter: 'springSecurityFilterChain' to: [/*]
2017-10-04 15:01:17.643  INFO 8201 --- [ost-startStop-1] o.s.b.w.servlet.ServletRegistrationBean  : Mapping servlet: 'dispatcherServlet' to [/]
2017-10-04 15:01:17.644  INFO 8201 --- [ost-startStop-1] o.s.b.w.servlet.ServletRegistrationBean  : Mapping servlet: 'messageDispatcherServlet' to [/services/*]
2017-10-04 15:01:18.589  INFO 8201 --- [           main] s.w.s.m.m.a.RequestMappingHandlerAdapter : Looking for @ControllerAdvice: org.springframework.boot.context.embedded.AnnotationConfigEmbeddedWebApplicationContext@2fb1f5b4: startup date [Wed Oct 04 15:01:13 UTC 2017]; root of context hierarchy
2017-10-04 15:01:18.741  INFO 8201 --- [           main] s.w.s.m.m.a.RequestMappingHandlerMapping : Mapped "{[/app/contract],methods=[GET]}" onto public org.springframework.http.ResponseEntity<?> com.example.Controllers.ContractController.manejadorDeObtencionDeContratistas()
2017-10-04 15:01:18.742  INFO 8201 --- [           main] s.w.s.m.m.a.RequestMappingHandlerMapping : Mapped "{[/app/contract/estadoR/{idContratante}/{idCategoria}/{idContratista}],methods=[GET]}" onto public org.springframework.http.ResponseEntity<?> com.example.Controllers.ContractController.obtenerEstaodoDeRequisitos(int,int,int)
2017-10-04 15:01:18.742  INFO 8201 --- [           main] s.w.s.m.m.a.RequestMappingHandlerMapping : Mapped "{[/app/contract/estadoE/{idContratante}/{idCategoria}/{idContratista}],methods=[GET]}" onto public org.springframework.http.ResponseEntity<?> com.example.Controllers.ContractController.obtenerEstadoDeRequisitosExtras(int,int,int)
2017-10-04 15:01:18.742  INFO 8201 --- [           main] s.w.s.m.m.a.RequestMappingHandlerMapping : Mapped "{[/app/contract],methods=[POST]}" onto public org.springframework.http.ResponseEntity<?> com.example.Controllers.ContractController.nuevoContratista(com.example.Models.Contratista)
2017-10-04 15:01:18.742  INFO 8201 --- [           main] s.w.s.m.m.a.RequestMappingHandlerMapping : Mapped "{[/app/contract/activity],methods=[GET]}" onto public org.springframework.http.ResponseEntity<?> com.example.Controllers.ContractController.obtencionDeActividadesEconomicas()
2017-10-04 15:01:18.764  INFO 8201 --- [           main] s.w.s.m.m.a.RequestMappingHandlerMapping : Mapped "{[/app/contractor/servicioaContratar/{idContratante}],methods=[GET]}" onto public org.springframework.http.ResponseEntity<?> com.example.Controllers.ContractorController.obtenerServ(int)
2017-10-04 15:01:18.764  INFO 8201 --- [           main] s.w.s.m.m.a.RequestMappingHandlerMapping : Mapped "{[/app/contractor/servicioConContratista/{idContratante}],methods=[GET]}" onto public org.springframework.http.ResponseEntity<?> com.example.Controllers.ContractorController.obtenerServConContratista(int)
2017-10-04 15:01:18.764  INFO 8201 --- [           main] s.w.s.m.m.a.RequestMappingHandlerMapping : Mapped "{[/app/contractor],methods=[GET]}" onto public org.springframework.http.ResponseEntity<?> com.example.Controllers.ContractorController.manejadorDeObtencionDeContratantes()
2017-10-04 15:01:18.765  INFO 8201 --- [           main] s.w.s.m.m.a.RequestMappingHandlerMapping : Mapped "{[/app/contractor/{id}/{idContrato}],methods=[GET]}" onto public org.springframework.http.ResponseEntity<?> com.example.Controllers.ContractorController.obtenerClientePorContrato(int,int)
2017-10-04 15:01:18.766  INFO 8201 --- [           main] s.w.s.m.m.a.RequestMappingHandlerMapping : Mapped "{[/app/contractor/categoria/{idContrato}/{idCategoria}],methods=[GET]}" onto public org.springframework.http.ResponseEntity<?> com.example.Controllers.ContractorController.obtenerClientePorCategoria(int,int)
2017-10-04 15:01:18.766  INFO 8201 --- [           main] s.w.s.m.m.a.RequestMappingHandlerMapping : Mapped "{[/app/contractor/requisitoC/{idContratista}/{idCategoria}/{idContratante}],methods=[GET]}" onto public org.springframework.http.ResponseEntity<?> com.example.Controllers.ContractorController.obtenerRequiCumplido(int,int,int)
2017-10-04 15:01:18.767  INFO 8201 --- [           main] s.w.s.m.m.a.RequestMappingHandlerMapping : Mapped "{[/app/contractor/requisitoNC/{idContratista}/{idCategoria}/{idContratante}],methods=[GET]}" onto public org.springframework.http.ResponseEntity<?> com.example.Controllers.ContractorController.obtenerRequiNoCumplido(int,int,int)
2017-10-04 15:01:18.768  INFO 8201 --- [           main] s.w.s.m.m.a.RequestMappingHandlerMapping : Mapped "{[/app/contractor/requisitoE/{idContratista}/{idCategoria}/{idContratante}],methods=[GET]}" onto public org.springframework.http.ResponseEntity<?> com.example.Controllers.ContractorController.obtenerRequiExtra(int,int,int)
2017-10-04 15:01:18.769  INFO 8201 --- [           main] s.w.s.m.m.a.RequestMappingHandlerMapping : Mapped "{[/app/contractor/requisitoENC/{idContratista}/{idCategoria}/{idContratante}],methods=[GET]}" onto public org.springframework.http.ResponseEntity<?> com.example.Controllers.ContractorController.obtenerRequiExtraNoCumplido(int,int,int)
2017-10-04 15:01:18.774  INFO 8201 --- [           main] s.w.s.m.m.a.RequestMappingHandlerMapping : Mapped "{[/app/contractor],methods=[POST]}" onto public org.springframework.http.ResponseEntity<?> com.example.Controllers.ContractorController.registrarContratante(com.example.Models.Contratante)
2017-10-04 15:01:18.775  INFO 8201 --- [           main] s.w.s.m.m.a.RequestMappingHandlerMapping : Mapped "{[/app/contractor/serAContratar],methods=[POST]}" onto public org.springframework.http.ResponseEntity<?> com.example.Controllers.ContractorController.registrarServicioAContratar(com.example.Models.ServicioAContratar)
2017-10-04 15:01:18.778  INFO 8201 --- [           main] s.w.s.m.m.a.RequestMappingHandlerMapping : Mapped "{[/app/contratos/{idContratante}],methods=[GET]}" onto public org.springframework.http.ResponseEntity<?> com.example.Controllers.ContratoController.obtenerRequiCumplido(int)
2017-10-04 15:01:18.778  INFO 8201 --- [           main] s.w.s.m.m.a.RequestMappingHandlerMapping : Mapped "{[/app/contratos/ejecucion/{idContratante}],methods=[GET]}" onto public org.springframework.http.ResponseEntity<?> com.example.Controllers.ContratoController.obtenerContratosEjecucion(java.lang.Integer)
2017-10-04 15:01:18.778  INFO 8201 --- [           main] s.w.s.m.m.a.RequestMappingHandlerMapping : Mapped "{[/app/contratos/enEjecucion/{idContratante}],methods=[GET]}" onto public org.springframework.http.ResponseEntity<?> com.example.Controllers.ContratoController.obtenerContratosEnEjecucion(java.lang.Integer)
2017-10-04 15:01:18.779  INFO 8201 --- [           main] s.w.s.m.m.a.RequestMappingHandlerMapping : Mapped "{[/app/contratos/id/{nombreContrato}],methods=[GET]}" onto public org.springframework.http.ResponseEntity<?> com.example.Controllers.ContratoController.porNombre(int)
2017-10-04 15:01:18.779  INFO 8201 --- [           main] s.w.s.m.m.a.RequestMappingHandlerMapping : Mapped "{[/app/contratos/fecha/{fechaInicio}/{fechaFin}],methods=[GET]}" onto public org.springframework.http.ResponseEntity<?> com.example.Controllers.ContratoController.porFecha(java.lang.String,java.lang.String)
2017-10-04 15:01:18.779  INFO 8201 --- [           main] s.w.s.m.m.a.RequestMappingHandlerMapping : Mapped "{[/app/contratos/{nombreContrato}/{fechaInicio}/{fechaFin}/{fechaInicioActividades}/{idContratante}/{tipoContrato}],methods=[POST]}" onto public org.springframework.http.ResponseEntity<?> com.example.Controllers.ContratoController.registrarContrato(java.lang.String,java.lang.String,java.lang.String,java.lang.String,java.lang.Integer,java.lang.String,org.springframework.web.multipart.MultipartHttpServletRequest)
2017-10-04 15:01:18.780  INFO 8201 --- [           main] s.w.s.m.m.a.RequestMappingHandlerMapping : Mapped "{[/app/cumplimiento/previoSugeridoNoCumplido/{idFinalista}/{idCategoria}/{idContratante}],methods=[GET]}" onto public org.springframework.http.ResponseEntity<?> com.example.Controllers.CumplimientoEjecucionController.obtenerPrevioSugeridoNoCumplido(int,int,int)
2017-10-04 15:01:18.780  INFO 8201 --- [           main] s.w.s.m.m.a.RequestMappingHandlerMapping : Mapped "{[/app/cumplimiento/previoSugeridoExtraCumplido/{idFinalista}/{idCategoria}/{idContratante}],methods=[GET]}" onto public org.springframework.http.ResponseEntity<?> com.example.Controllers.CumplimientoEjecucionController.obtenerRequiPrevioExtraCumplido(int,int,int)
2017-10-04 15:01:18.780  INFO 8201 --- [           main] s.w.s.m.m.a.RequestMappingHandlerMapping : Mapped "{[/app/cumplimiento/previoSugeridoExtraNoCumplido/{idFinalista}/{idCategoria}/{idContratante}],methods=[GET]}" onto public org.springframework.http.ResponseEntity<?> com.example.Controllers.CumplimientoEjecucionController.obtenerRequiPrevioExtraNoCumplido(int,int,int)
2017-10-04 15:01:18.780  INFO 8201 --- [           main] s.w.s.m.m.a.RequestMappingHandlerMapping : Mapped "{[/app/cumplimiento/previoSugeridoCumplido/{idFinalista}/{idCategoria}/{idContratante}],methods=[GET]}" onto public org.springframework.http.ResponseEntity<?> com.example.Controllers.CumplimientoEjecucionController.obtenerRequiPrevioCumplido(int,int,int)
2017-10-04 15:01:18.781  INFO 8201 --- [           main] s.w.s.m.m.a.RequestMappingHandlerMapping : Mapped "{[/app/documento/{idContratista}/{idRequisitoSugerido}],methods=[POST]}" onto public org.springframework.http.ResponseEntity<?> com.example.Controllers.DocumentoController.InsertarImagen(java.lang.Integer,java.lang.Integer,org.springframework.web.multipart.MultipartHttpServletRequest)
2017-10-04 15:01:18.782  INFO 8201 --- [           main] s.w.s.m.m.a.RequestMappingHandlerMapping : Mapped "{[/app/docEstaticos/{idFinalista}/{idRequisito}/{idContratista}/previoSugerido],methods=[POST]}" onto public org.springframework.http.ResponseEntity<?> com.example.Controllers.DocumentosEstaticosController.InsertarDocumentoPrevioSugerido(java.lang.Integer,java.lang.Integer,java.lang.Integer,org.springframework.web.multipart.MultipartHttpServletRequest)
2017-10-04 15:01:18.790  INFO 8201 --- [           main] s.w.s.m.m.a.RequestMappingHandlerMapping : Mapped "{[/app/docEstaticos/{idFinalista}/{idRequisito}/{idContratista}/previoExtra],methods=[POST]}" onto public org.springframework.http.ResponseEntity<?> com.example.Controllers.DocumentosEstaticosController.InsertarDocumentoPrevioExtra(java.lang.Integer,java.lang.Integer,java.lang.Integer,org.springframework.web.multipart.MultipartHttpServletRequest)
2017-10-04 15:01:18.793  INFO 8201 --- [           main] s.w.s.m.m.a.RequestMappingHandlerMapping : Mapped "{[/app/finalista],methods=[POST]}" onto public org.springframework.http.ResponseEntity<?> com.example.Controllers.FinalistaController.nuevoFinalista(com.example.Models.Finalista)
2017-10-04 15:01:18.793  INFO 8201 --- [           main] s.w.s.m.m.a.RequestMappingHandlerMapping : Mapped "{[/app/finalista/{idContratante}/{idContrato}],methods=[GET]}" onto public org.springframework.http.ResponseEntity<?> com.example.Controllers.FinalistaController.obtenerClientePorId(int,int)
2017-10-04 15:01:18.794  INFO 8201 --- [           main] s.w.s.m.m.a.RequestMappingHandlerMapping : Mapped "{[/app/finalista/definitivo/{idContratante}/{idContrato}],methods=[GET]}" onto public org.springframework.http.ResponseEntity<?> com.example.Controllers.FinalistaController.obtenerFinalistas(int,int)
2017-10-04 15:01:18.795  INFO 8201 --- [           main] s.w.s.m.m.a.RequestMappingHandlerMapping : Mapped "{[/app/finalista/previosSugeridos/{idContratante}/{idCategoria}],methods=[GET]}" onto public org.springframework.http.ResponseEntity<?> com.example.Controllers.FinalistaController.obtenePreviosSugeridos(int,int)
2017-10-04 15:01:18.796  INFO 8201 --- [           main] s.w.s.m.m.a.RequestMappingHandlerMapping : Mapped "{[/app/finalista/previosExtras/{idContratante}/{idCategoria}],methods=[GET]}" onto public org.springframework.http.ResponseEntity<?> com.example.Controllers.FinalistaController.obtenePreviosExtras(int,int)
2017-10-04 15:01:18.796  INFO 8201 --- [           main] s.w.s.m.m.a.RequestMappingHandlerMapping : Mapped "{[/app/finalista/manual],methods=[POST]}" onto public org.springframework.http.ResponseEntity<?> com.example.Controllers.FinalistaController.registroManual(com.example.Models.Contratista)
2017-10-04 15:01:18.799  INFO 8201 --- [           main] s.w.s.m.m.a.RequestMappingHandlerMapping : Mapped "{[/app/imagenes/{idContratista}/{idRequisitoSugerido}],methods=[GET]}" onto public org.springframework.http.ResponseEntity<?> com.example.Controllers.ImagenesController.tipoImagen(int,int)
2017-10-04 15:01:18.799  INFO 8201 --- [           main] s.w.s.m.m.a.RequestMappingHandlerMapping : Mapped "{[/app/imagenes/{idContratista}/{idRequisitoSugerido}],methods=[POST]}" onto public org.springframework.http.ResponseEntity<?> com.example.Controllers.ImagenesController.InsertarImagen(java.lang.Integer,java.lang.Integer,org.springframework.web.multipart.MultipartHttpServletRequest)
2017-10-04 15:01:18.800  INFO 8201 --- [           main] s.w.s.m.m.a.RequestMappingHandlerMapping : Mapped "{[/app/indicador/Indicadores],methods=[POST]}" onto public org.springframework.http.ResponseEntity<?> com.example.Controllers.IndicadoresController.agregarIndicador(com.example.Models.Indicador)
2017-10-04 15:01:18.800  INFO 8201 --- [           main] s.w.s.m.m.a.RequestMappingHandlerMapping : Mapped "{[/app/limites/{idContratante}/{idCategoria}],methods=[GET]}" onto public org.springframework.http.ResponseEntity<?> com.example.Controllers.LimitController.responseResource(int,int)
2017-10-04 15:01:18.801  INFO 8201 --- [           main] s.w.s.m.m.a.RequestMappingHandlerMapping : Mapped "{[/app/limites/limit/{idContratante}],methods=[GET]}" onto public org.springframework.http.ResponseEntity<?> com.example.Controllers.LimitController.fechalimite(int)
2017-10-04 15:01:18.801  INFO 8201 --- [           main] s.w.s.m.m.a.RequestMappingHandlerMapping : Mapped "{[/app/limites],methods=[POST]}" onto public org.springframework.http.ResponseEntity<?> com.example.Controllers.LimitController.registrarFechaLimite(com.example.Models.FechaLimite)
2017-10-04 15:01:18.810  INFO 8201 --- [           main] s.w.s.m.m.a.RequestMappingHandlerMapping : Mapped "{[/app/login/contratante/{email}/{password}],methods=[GET]}" onto public org.springframework.http.ResponseEntity<?> com.example.Controllers.LoginContratanteController.loginContratante(java.lang.String,java.lang.String)
2017-10-04 15:01:18.810  INFO 8201 --- [           main] s.w.s.m.m.a.RequestMappingHandlerMapping : Mapped "{[/app/login/contratante/id/{email}/{password}],methods=[GET]}" onto public org.springframework.http.ResponseEntity<?> com.example.Controllers.LoginContratanteController.geIdContratante(java.lang.String,java.lang.String)
2017-10-04 15:01:18.810  INFO 8201 --- [           main] s.w.s.m.m.a.RequestMappingHandlerMapping : Mapped "{[/app/login/contratante/categoria/{email}/{password}],methods=[GET]}" onto public org.springframework.http.ResponseEntity<?> com.example.Controllers.LoginContratanteController.getContratante(java.lang.String,java.lang.String)
2017-10-04 15:01:18.811  INFO 8201 --- [           main] s.w.s.m.m.a.RequestMappingHandlerMapping : Mapped "{[/app/login/contratante],methods=[POST]}" onto public org.springframework.http.ResponseEntity<?> com.example.Controllers.LoginContratanteController.actualizarContraseña(com.example.Models.Usuario)
2017-10-04 15:01:18.812  INFO 8201 --- [           main] s.w.s.m.m.a.RequestMappingHandlerMapping : Mapped "{[/app/login/contratista/{email}/{password}],methods=[GET]}" onto public org.springframework.http.ResponseEntity<?> com.example.Controllers.LoginContratistaController.loginContratista(java.lang.String,java.lang.String)
2017-10-04 15:01:18.812  INFO 8201 --- [           main] s.w.s.m.m.a.RequestMappingHandlerMapping : Mapped "{[/app/login/contratista/id/{email}/{password}],methods=[GET]}" onto public org.springframework.http.ResponseEntity<?> com.example.Controllers.LoginContratistaController.geIdContratista(java.lang.String,java.lang.String)
2017-10-04 15:01:18.812  INFO 8201 --- [           main] s.w.s.m.m.a.RequestMappingHandlerMapping : Mapped "{[/app/login/contratista/categoria/{email}/{password}],methods=[GET]}" onto public org.springframework.http.ResponseEntity<?> com.example.Controllers.LoginContratistaController.getContratista(java.lang.String,java.lang.String)
2017-10-04 15:01:18.813  INFO 8201 --- [           main] s.w.s.m.m.a.RequestMappingHandlerMapping : Mapped "{[/app/login/contratista/{idContratante}/{idCategoria}/requisitos],methods=[GET]}" onto public org.springframework.http.ResponseEntity<?> com.example.Controllers.LoginContratistaController.obtenerSugeridos(int,int)
2017-10-04 15:01:18.814  INFO 8201 --- [           main] s.w.s.m.m.a.RequestMappingHandlerMapping : Mapped "{[/app/login/contratista/{idContratante}/{idCategoria}/extras],methods=[GET]}" onto public org.springframework.http.ResponseEntity<?> com.example.Controllers.LoginContratistaController.obtenerExtras(int,int)
2017-10-04 15:01:18.814  INFO 8201 --- [           main] s.w.s.m.m.a.RequestMappingHandlerMapping : Mapped "{[/app/login/contratista],methods=[POST]}" onto public org.springframework.http.ResponseEntity<?> com.example.Controllers.LoginContratistaController.actualizarContraseña(com.example.Models.Usuario)
2017-10-04 15:01:18.824  INFO 8201 --- [           main] s.w.s.m.m.a.RequestMappingHandlerMapping : Mapped "{[/app/planDeTrabajo/actpC/{idContratista}/{mes}],methods=[GET]}" onto public org.springframework.http.ResponseEntity<?> com.example.Controllers.PlanDeTrabajoController.obtenerActividadesDeContratisttas(int,java.lang.String)
2017-10-04 15:01:18.824  INFO 8201 --- [           main] s.w.s.m.m.a.RequestMappingHandlerMapping : Mapped "{[/app/planDeTrabajo/conSopor/{idContratista}/{mes}],methods=[GET]}" onto public org.springframework.http.ResponseEntity<?> com.example.Controllers.PlanDeTrabajoController.obtenerActividadesDeContratisttasConSOPORTE(int,java.lang.String)
2017-10-04 15:01:18.825  INFO 8201 --- [           main] s.w.s.m.m.a.RequestMappingHandlerMapping : Mapped "{[/app/planDeTrabajo/sinSopor/{idContratista}/{mes}],methods=[GET]}" onto public org.springframework.http.ResponseEntity<?> com.example.Controllers.PlanDeTrabajoController.obtenerActividadesDeContratisttassinSOPORTE(int,java.lang.String)
2017-10-04 15:01:18.825  INFO 8201 --- [           main] s.w.s.m.m.a.RequestMappingHandlerMapping : Mapped "{[/app/planDeTrabajo/sinRegistro/{idContratante}/{mes}/{year}],methods=[GET]}" onto public org.springframework.http.ResponseEntity<?> com.example.Controllers.PlanDeTrabajoController.obtenerSinRegistroDeActividad(int,java.lang.String,int)
2017-10-04 15:01:18.826  INFO 8201 --- [           main] s.w.s.m.m.a.RequestMappingHandlerMapping : Mapped "{[/app/planDeTrabajo/contratante/{idContratante}/{mes}/{year}],methods=[GET]}" onto public org.springframework.http.ResponseEntity<?> com.example.Controllers.PlanDeTrabajoController.obtenerPendientesDeSoporte(int,java.lang.String,int)
2017-10-04 15:01:18.826  INFO 8201 --- [           main] s.w.s.m.m.a.RequestMappingHandlerMapping : Mapped "{[/app/planDeTrabajo/aprobado/{idContratista}/{idContratante}],methods=[GET]}" onto public org.springframework.http.ResponseEntity<?> com.example.Controllers.PlanDeTrabajoController.obtenerAprobacionDeContratisttas(int,int)
2017-10-04 15:01:18.826  INFO 8201 --- [           main] s.w.s.m.m.a.RequestMappingHandlerMapping : Mapped "{[/app/planDeTrabajo/aprobadoPlanDeTrabajo/{idContratista}/{idContratante}/{mes}],methods=[GET]}" onto public org.springframework.http.ResponseEntity<?> com.example.Controllers.PlanDeTrabajoController.obtenerAprobacionDePlanDeTrabajoContratisttas(int,int,java.lang.String)
2017-10-04 15:01:18.826  INFO 8201 --- [           main] s.w.s.m.m.a.RequestMappingHandlerMapping : Mapped "{[/app/planDeTrabajo/mensajesContr/{idContratista}/{idContratante}],methods=[GET]}" onto public org.springframework.http.ResponseEntity<?> com.example.Controllers.PlanDeTrabajoController.obtenerMensajesDeContratisttas(int,int)
2017-10-04 15:01:18.826  INFO 8201 --- [           main] s.w.s.m.m.a.RequestMappingHandlerMapping : Mapped "{[/app/planDeTrabajo/aprobacion],methods=[POST]}" onto public org.springframework.http.ResponseEntity<?> com.example.Controllers.PlanDeTrabajoController.agregarAprobacion(com.example.Models.Aprobacion)
2017-10-04 15:01:18.826  INFO 8201 --- [           main] s.w.s.m.m.a.RequestMappingHandlerMapping : Mapped "{[/app/planDeTrabajo/aprobacionDePlanDeTrabajo],methods=[POST]}" onto public org.springframework.http.ResponseEntity<?> com.example.Controllers.PlanDeTrabajoController.agregarAprobacionPlanDeTrabajo(com.example.Models.Aprobacion)
2017-10-04 15:01:18.826  INFO 8201 --- [           main] s.w.s.m.m.a.RequestMappingHandlerMapping : Mapped "{[/app/planDeTrabajo/mensaje],methods=[POST]}" onto public org.springframework.http.ResponseEntity<?> com.example.Controllers.PlanDeTrabajoController.agregarMensaje(com.example.Models.Mensaje)
2017-10-04 15:01:18.827  INFO 8201 --- [           main] s.w.s.m.m.a.RequestMappingHandlerMapping : Mapped "{[/app/planDeTrabajo],methods=[POST]}" onto public org.springframework.http.ResponseEntity<?> com.example.Controllers.PlanDeTrabajoController.agregarActividadDePlanTrabajo(com.example.Models.PlanDeTrabajo)
2017-10-04 15:01:18.832  INFO 8201 --- [           main] s.w.s.m.m.a.RequestMappingHandlerMapping : Mapped "{[/app/planDeTrabajo/{id}/{idContratista}],methods=[POST]}" onto public org.springframework.http.ResponseEntity<?> com.example.Controllers.PlanDeTrabajoController.actualizarRegistro(java.lang.Integer,java.lang.Integer,org.springframework.web.multipart.MultipartHttpServletRequest)
2017-10-04 15:01:18.833  INFO 8201 --- [           main] s.w.s.m.m.a.RequestMappingHandlerMapping : Mapped "{[/app/requisitoEstaticos/{idContratante}/{idCategoria}/previosSugeridos],methods=[GET]}" onto public org.springframework.http.ResponseEntity<?> com.example.Controllers.RequisitosEstaticosController.obtenerRequisitosPreviosSugeridos(int,int)
2017-10-04 15:01:18.833  INFO 8201 --- [           main] s.w.s.m.m.a.RequestMappingHandlerMapping : Mapped "{[/app/requisitoEstaticos/{idContratante}/{idCategoria}/previosExtras],methods=[GET]}" onto public org.springframework.http.ResponseEntity<?> com.example.Controllers.RequisitosEstaticosController.obtenerRequisitosPreviosExtras(int,int)
2017-10-04 15:01:18.833  INFO 8201 --- [           main] s.w.s.m.m.a.RequestMappingHandlerMapping : Mapped "{[/app/requisitoEstaticos/{idContratante}/{idCategoria}/{idFinalista}/estadoPreviosSugeridos],methods=[GET]}" onto public org.springframework.http.ResponseEntity<?> com.example.Controllers.RequisitosEstaticosController.estadoPreviosSugeridos(int,int,int)
2017-10-04 15:01:18.834  INFO 8201 --- [           main] s.w.s.m.m.a.RequestMappingHandlerMapping : Mapped "{[/app/requisitoEstaticos/{idContratante}/{idCategoria}/{idFinalista}/estadoPreviosExtras],methods=[GET]}" onto public org.springframework.http.ResponseEntity<?> com.example.Controllers.RequisitosEstaticosController.estadoPreviosExtras(int,int,int)
2017-10-04 15:01:18.837  INFO 8201 --- [           main] s.w.s.m.m.a.RequestMappingHandlerMapping : Mapped "{[/app/requisitoEstaticos/previosSugerido],methods=[POST]}" onto public org.springframework.http.ResponseEntity<?> com.example.Controllers.RequisitosEstaticosController.registroPrevioSugerido(com.example.Models.RequisitoObligatorio)
2017-10-04 15:01:18.838  INFO 8201 --- [           main] s.w.s.m.m.a.RequestMappingHandlerMapping : Mapped "{[/app/requisitoEstaticos/previosExtra],methods=[POST]}" onto public org.springframework.http.ResponseEntity<?> com.example.Controllers.RequisitosEstaticosController.registroPrevioExtra(com.example.Models.RequisitoExtra)
2017-10-04 15:01:18.838  INFO 8201 --- [           main] s.w.s.m.m.a.RequestMappingHandlerMapping : Mapped "{[/app/requisitosExtras/{idContratante}/{idCategoria}/extras],methods=[GET]}" onto public org.springframework.http.ResponseEntity<?> com.example.Controllers.RequisitosExtrasController.obtenerRequisitosExtrasObligatiorios(int,int)
2017-10-04 15:01:18.839  INFO 8201 --- [           main] s.w.s.m.m.a.RequestMappingHandlerMapping : Mapped "{[/app/requisitosExtras],methods=[POST]}" onto public org.springframework.http.ResponseEntity<?> com.example.Controllers.RequisitosExtrasController.agregarExtraObligatorios(com.example.Models.RequisitoExtra)
2017-10-04 15:01:18.839  INFO 8201 --- [           main] s.w.s.m.m.a.RequestMappingHandlerMapping : Mapped "{[/app/requisitosExtras/eliminar/{idRequisito}/{idContratante}],methods=[DELETE]}" onto public org.springframework.http.ResponseEntity<?> com.example.Controllers.RequisitosExtrasController.EliminarExtra(int,int)
2017-10-04 15:01:18.839  INFO 8201 --- [           main] s.w.s.m.m.a.RequestMappingHandlerMapping : Mapped "{[/app/requisitosObligatorios/{idContratante}/{idCategoria}/obligatorio],methods=[GET]}" onto public org.springframework.http.ResponseEntity<?> com.example.Controllers.RequisitosObligatoriosController.obtenerRequisitosObligatorios(int,int)
2017-10-04 15:01:18.842  INFO 8201 --- [           main] s.w.s.m.m.a.RequestMappingHandlerMapping : Mapped "{[/app/requisitosObligatorios],methods=[POST]}" onto public org.springframework.http.ResponseEntity<?> com.example.Controllers.RequisitosObligatoriosController.agregarObligatorio(com.example.Models.RequisitoObligatorio)
2017-10-04 15:01:18.842  INFO 8201 --- [           main] s.w.s.m.m.a.RequestMappingHandlerMapping : Mapped "{[/app/requisitosObligatorios/eliminar/{idRequisito}/{idContratante}],methods=[DELETE]}" onto public org.springframework.http.ResponseEntity<?> com.example.Controllers.RequisitosObligatoriosController.EliminarObligatorio(int,int)
2017-10-04 15:01:18.842  INFO 8201 --- [           main] s.w.s.m.m.a.RequestMappingHandlerMapping : Mapped "{[/app/seguridadSocial/{idContratista}/{idContratante}/{mes}/{cambios}],methods=[POST]}" onto public org.springframework.http.ResponseEntity<?> com.example.Controllers.SeguridadSocialController.InsertarImagen(java.lang.Integer,java.lang.Integer,java.lang.String,java.lang.String,org.springframework.web.multipart.MultipartHttpServletRequest)
2017-10-04 15:01:18.843  INFO 8201 --- [           main] s.w.s.m.m.a.RequestMappingHandlerMapping : Mapped "{[/app/user]}" onto public java.security.Principal com.example.Controllers.UserController.user(java.security.Principal)
2017-10-04 15:01:18.843  INFO 8201 --- [           main] s.w.s.m.m.a.RequestMappingHandlerMapping : Mapped "{[/app/eliminar/eliminarPS/{idRequisito}/{idContratante}],methods=[DELETE]}" onto public org.springframework.http.ResponseEntity<?> com.example.Controllers.eliminarController.EliminarPrevioSugerido(int,int)
2017-10-04 15:01:18.843  INFO 8201 --- [           main] s.w.s.m.m.a.RequestMappingHandlerMapping : Mapped "{[/app/eliminar/eliminarPE/{idRequisito}/{idContratante}],methods=[DELETE]}" onto public org.springframework.http.ResponseEntity<?> com.example.Controllers.eliminarController.EliminarPrevioextra(int,int)
2017-10-04 15:01:18.845  INFO 8201 --- [           main] s.w.s.m.m.a.RequestMappingHandlerMapping : Mapped "{[/error],produces=[text/html]}" onto public org.springframework.web.servlet.ModelAndView org.springframework.boot.autoconfigure.web.BasicErrorController.errorHtml(javax.servlet.http.HttpServletRequest,javax.servlet.http.HttpServletResponse)
2017-10-04 15:01:18.845  INFO 8201 --- [           main] s.w.s.m.m.a.RequestMappingHandlerMapping : Mapped "{[/error]}" onto public org.springframework.http.ResponseEntity<java.util.Map<java.lang.String, java.lang.Object>> org.springframework.boot.autoconfigure.web.BasicErrorController.error(javax.servlet.http.HttpServletRequest)
2017-10-04 15:01:18.961  INFO 8201 --- [           main] o.s.w.s.handler.SimpleUrlHandlerMapping  : Mapped URL path [/webjars/**] onto handler of type [class org.springframework.web.servlet.resource.ResourceHttpRequestHandler]
2017-10-04 15:01:18.961  INFO 8201 --- [           main] o.s.w.s.handler.SimpleUrlHandlerMapping  : Mapped URL path [/**] onto handler of type [class org.springframework.web.servlet.resource.ResourceHttpRequestHandler]
2017-10-04 15:01:19.056  INFO 8201 --- [           main] o.s.w.s.handler.SimpleUrlHandlerMapping  : Mapped URL path [/**/favicon.ico] onto handler of type [class org.springframework.web.servlet.resource.ResourceHttpRequestHandler]
2017-10-04 15:01:19.483  INFO 8201 --- [           main] b.a.s.AuthenticationManagerConfiguration : 

Using default security password: ab9c6c3c-cadb-4de0-8fdc-910dee2a99e0

2017-10-04 15:01:19.486  INFO 8201 --- [           main] o.s.s.web.DefaultSecurityFilterChain     : Creating filter chain: OrRequestMatcher [requestMatchers=[Ant [pattern='/css/**'], Ant [pattern='/js/**'], Ant [pattern='/images/**'], Ant [pattern='/webjars/**'], Ant [pattern='/**/favicon.ico'], Ant [pattern='/error']]], []
2017-10-04 15:01:19.650  INFO 8201 --- [           main] o.s.s.web.DefaultSecurityFilterChain     : Creating filter chain: org.springframework.security.web.util.matcher.AnyRequestMatcher@1, [org.springframework.security.web.context.request.async.WebAsyncManagerIntegrationFilter@5647e47c, org.springframework.security.web.context.SecurityContextPersistenceFilter@453e7c9b, org.springframework.security.web.header.HeaderWriterFilter@ec2effb, org.springframework.security.web.csrf.CsrfFilter@643eb999, com.example.SeqApplication$SecurityConfiguration$1@72aba123, org.springframework.security.web.authentication.logout.LogoutFilter@2bef4c36, org.springframework.security.web.authentication.www.BasicAuthenticationFilter@22824748, org.springframework.security.web.savedrequest.RequestCacheAwareFilter@329892ee, org.springframework.security.web.servletapi.SecurityContextHolderAwareRequestFilter@6504e746, org.springframework.security.web.authentication.AnonymousAuthenticationFilter@1465a79e, org.springframework.security.web.session.SessionManagementFilter@387e1c9, org.springframework.security.web.access.ExceptionTranslationFilter@5917b729, org.springframework.security.web.access.intercept.FilterSecurityInterceptor@748790]
2017-10-04 15:01:19.667  INFO 8201 --- [           main] o.s.s.web.DefaultSecurityFilterChain     : Creating filter chain: OrRequestMatcher [requestMatchers=[Ant [pattern='/**']]], [org.springframework.security.web.context.request.async.WebAsyncManagerIntegrationFilter@442e3f2e, org.springframework.security.web.context.SecurityContextPersistenceFilter@32576b70, org.springframework.security.web.header.HeaderWriterFilter@1873b9b8, org.springframework.security.web.authentication.logout.LogoutFilter@649c2cb1, org.springframework.security.web.authentication.www.BasicAuthenticationFilter@6d19c7b9, org.springframework.security.web.savedrequest.RequestCacheAwareFilter@75812280, org.springframework.security.web.servletapi.SecurityContextHolderAwareRequestFilter@70baebf1, org.springframework.security.web.authentication.AnonymousAuthenticationFilter@a909bd2, org.springframework.security.web.session.SessionManagementFilter@48eb8b3c, org.springframework.security.web.access.ExceptionTranslationFilter@5062fe64, org.springframework.security.web.access.intercept.FilterSecurityInterceptor@7698db6f]
2017-10-04 15:01:19.922  INFO 8201 --- [           main] o.s.j.e.a.AnnotationMBeanExporter        : Registering beans for JMX exposure on startup
2017-10-04 15:01:20.038  INFO 8201 --- [           main] s.b.c.e.t.TomcatEmbeddedServletContainer : Tomcat started on port(s): 8080 (http)
2017-10-04 15:01:20.047  INFO 8201 --- [           main] com.example.SeqApplication               : Started SeqApplication in 7.14 seconds (JVM running for 16.074)
2017-10-04 15:01:50.350  INFO 8201 --- [nio-8080-exec-1] o.a.c.c.C.[Tomcat].[localhost].[/]       : Initializing Spring FrameworkServlet 'dispatcherServlet'
2017-10-04 15:01:50.352  INFO 8201 --- [nio-8080-exec-1] o.s.web.servlet.DispatcherServlet        : FrameworkServlet 'dispatcherServlet': initialization started
2017-10-04 15:01:50.389  INFO 8201 --- [nio-8080-exec-1] o.s.web.servlet.DispatcherServlet        : FrameworkServlet 'dispatcherServlet': initialization completed in 37 ms
sdjcfhksdfh
true
sdjcfhksdfh
true
